<?xml version="1.0" encoding="UTF-8"?>
<!-- Generated by org.testng.reporters.JUnitReportReporter -->
<testsuite skipped="0" hostname="Alkesh-PC" name="com.guru99.demo.TestCases.EditCustomerPageTest" tests="1" failures="0" timestamp="30 Dec 2019 15:20:37 GMT" time="92.351" errors="0">
  <testcase name="verifyEditCustomer" time="92.351" classname="com.guru99.demo.TestCases.EditCustomerPageTest"/>
</testsuite> <!-- com.guru99.demo.TestCases.EditCustomerPageTest -->
