<?xml version="1.0" encoding="UTF-8"?>
<!-- Generated by org.testng.reporters.JUnitReportReporter -->
<testsuite skipped="0" hostname="Alkesh-PC" name="com.guru99.demo.TestCases.ChangePasswordPageTest" tests="1" failures="0" timestamp="28 Dec 2019 21:04:35 GMT" time="112.919" errors="0">
  <testcase name="verifyChangePassword" time="112.919" classname="com.guru99.demo.TestCases.ChangePasswordPageTest"/>
</testsuite> <!-- com.guru99.demo.TestCases.ChangePasswordPageTest -->
