<?xml version="1.0" encoding="UTF-8"?>
<!-- Generated by org.testng.reporters.JUnitReportReporter -->
<testsuite skipped="0" hostname="Alkesh-PC" name="com.guru99.demo.TestCases.LoginPageTest" tests="1" failures="0" timestamp="28 Dec 2019 21:04:35 GMT" time="56.928" errors="0">
  <testcase name="verifyValidLogin" time="56.928" classname="com.guru99.demo.TestCases.LoginPageTest"/>
</testsuite> <!-- com.guru99.demo.TestCases.LoginPageTest -->
