<?xml version="1.0" encoding="UTF-8"?>
<!-- Generated by org.testng.reporters.JUnitReportReporter -->
<testsuite skipped="0" hostname="Alkesh-PC" name="com.guru99.demo.TestCases.ChangePasswordPageTest" tests="1" failures="0" timestamp="30 Dec 2019 13:47:50 GMT" time="49.604" errors="0">
  <testcase name="verifyChangePassword" time="49.604" classname="com.guru99.demo.TestCases.ChangePasswordPageTest"/>
</testsuite> <!-- com.guru99.demo.TestCases.ChangePasswordPageTest -->
