<?xml version="1.0" encoding="UTF-8"?>
<!-- Generated by org.testng.reporters.JUnitReportReporter -->
<testsuite skipped="0" hostname="Alkesh-PC" name="com.guru99.demo.TestCases.NewCustomerPageTest" tests="1" failures="0" timestamp="30 Dec 2019 15:17:49 GMT" time="73.330" errors="0">
  <testcase name="verifyAddCustomer" time="73.330" classname="com.guru99.demo.TestCases.NewCustomerPageTest"/>
</testsuite> <!-- com.guru99.demo.TestCases.NewCustomerPageTest -->
